# JRE version: Java(TM) SE Runtime Environment 18.9 (11.0.20+9) (build 11.0.20+9-LTS-256)
# Java VM: Java HotSpot(TM) 64-Bit Server VM 18.9 (11.0.20+9-LTS-256, mixed mode, tiered, compressed oops, g1 gc, windows-amd64)
Heap:
 garbage-first heap   total 262144K, used 178304K [0x00000000e0000000, 0x0000000100000000)
  region size 1024K, 119 young (121856K), 19 survivors (19456K)
 Metaspace       used 86334K, capacity 89640K, committed 89904K, reserved 331776K
  class space    used 10906K, capacity 12088K, committed 12160K, reserved 253952K
GC Heap History (10 events):
Event: 1686.704 GC heap before
{Heap before GC invocations=12 (full 0):
 garbage-first heap   total 262144K, used 181883K [0x00000000e0000000, 0x0000000100000000)
  region size 1024K, 135 young (138240K), 9 survivors (9216K)
 Metaspace       used 77556K, capacity 80280K, committed 80560K, reserved 323584K
  class space    used 10089K, capacity 11144K, committed 11264K, reserved 253952K
}
Event: 1686.722 GC heap after
{Heap after GC invocations=13 (full 0):
 garbage-first heap   total 262144K, used 64951K [0x00000000e0000000, 0x0000000100000000)
  region size 1024K, 17 young (17408K), 17 survivors (17408K)
 Metaspace       used 77556K, capacity 80280K, committed 80560K, reserved 323584K
  class space    used 10089K, capacity 11144K, committed 11264K, reserved 253952K
}
Event: 1980.162 GC heap before
{Heap before GC invocations=13 (full 0):
 garbage-first heap   total 262144K, used 186807K [0x00000000e0000000, 0x0000000100000000)
  region size 1024K, 137 young (140288K), 17 survivors (17408K)
 Metaspace       used 81458K, capacity 84262K, committed 84528K, reserved 327680K
  class space    used 10439K, capacity 11529K, committed 11648K, reserved 253952K
}
Event: 1980.175 GC heap after
{Heap after GC invocations=14 (full 0):
 garbage-first heap   total 262144K, used 63937K [0x00000000e0000000, 0x0000000100000000)
  region size 1024K, 8 young (8192K), 8 survivors (8192K)
 Metaspace       used 81458K, capacity 84262K, committed 84528K, reserved 327680K
  class space    used 10439K, capacity 11529K, committed 11648K, reserved 253952K
}
Event: 1995.674 GC heap before
{Heap before GC invocations=14 (full 0):
 garbage-first heap   total 262144K, used 191937K [0x00000000e0000000, 0x0000000100000000)
  region size 1024K, 134 young (137216K), 8 survivors (8192K)
 Metaspace       used 82078K, capacity 84884K, committed 85040K, reserved 327680K
  class space    used 10464K, capacity 11557K, committed 11648K, reserved 253952K
}
Event: 1995.682 GC heap after
{Heap after GC invocations=15 (full 0):
 garbage-first heap   total 262144K, used 63153K [0x00000000e0000000, 0x0000000100000000)
  region size 1024K, 7 young (7168K), 7 survivors (7168K)
 Metaspace       used 82078K, capacity 84884K, committed 85040K, reserved 327680K
  class space    used 10464K, capacity 11557K, committed 11648K, reserved 253952K
}
Event: 1997.734 GC heap before
{Heap before GC invocations=15 (full 0):
 garbage-first heap   total 262144K, used 200369K [0x00000000e0000000, 0x0000000100000000)
  region size 1024K, 142 young (145408K), 7 survivors (7168K)
 Metaspace       used 83073K, capacity 86029K, committed 86192K, reserved 329728K
  class space    used 10586K, capacity 11694K, committed 11776K, reserved 253952K
}
Event: 1997.743 GC heap after
{Heap after GC invocations=16 (full 0):
 garbage-first heap   total 262144K, used 66271K [0x00000000e0000000, 0x0000000100000000)
  region size 1024K, 10 young (10240K), 10 survivors (10240K)
 Metaspace       used 83073K, capacity 86029K, committed 86192K, reserved 329728K
  class space    used 10586K, capacity 11694K, committed 11776K, reserved 253952K
}
Event: 2389.628 GC heap before
{Heap before GC invocations=16 (full 0):
 garbage-first heap   total 262144K, used 203487K [0x00000000e0000000, 0x0000000100000000)
  region size 1024K, 145 young (148480K), 10 survivors (10240K)
 Metaspace       used 85680K, capacity 88886K, committed 89136K, reserved 331776K
  class space    used 10881K, capacity 12041K, committed 12160K, reserved 253952K
}
Event: 2389.647 GC heap after
{Heap after GC invocations=17 (full 0):
 garbage-first heap   total 262144K, used 77952K [0x00000000e0000000, 0x0000000100000000)
  region size 1024K, 19 young (19456K), 19 survivors (19456K)
 Metaspace       used 85680K, capacity 88886K, committed 89136K, reserved 331776K
  class space    used 10881K, capacity 12041K, committed 12160K, reserved 253952K
}

